2022-06-25 09:23:42.396  INFO 8324 --- [restartedMain] u.d.davrbank.DavrbankApplication         : Starting DavrbankApplication using Java 16.0.2 on WIN-6E89KJ5Q9F1 with PID 8324 (C:\Users\Администратор\Desktop\startup300\build\classes\java\main started by Администратор in C:\Users\Администратор\Desktop\startup300)
2022-06-25 09:23:42.408  INFO 8324 --- [restartedMain] u.d.davrbank.DavrbankApplication         : No active profile set, falling back to 1 default profile: "default"
2022-06-25 09:23:42.460  INFO 8324 --- [restartedMain] .e.DevToolsPropertyDefaultsPostProcessor : Devtools property defaults active! Set 'spring.devtools.add-properties' to 'false' to disable
2022-06-25 09:23:42.461  INFO 8324 --- [restartedMain] .e.DevToolsPropertyDefaultsPostProcessor : For additional web related logging consider setting the 'logging.level.web' property to 'DEBUG'
2022-06-25 09:23:43.133  INFO 8324 --- [restartedMain] .s.d.r.c.RepositoryConfigurationDelegate : Multiple Spring Data modules found, entering strict repository configuration mode!
2022-06-25 09:23:43.135  INFO 8324 --- [restartedMain] .s.d.r.c.RepositoryConfigurationDelegate : Bootstrapping Spring Data JDBC repositories in DEFAULT mode.
2022-06-25 09:23:43.195  INFO 8324 --- [restartedMain] .RepositoryConfigurationExtensionSupport : Spring Data JDBC - Could not safely identify store assignment for repository candidate interface uz.davrbankautoelon.davrbank.repository.IImageRepository. If you want this repository to be a JDBC repository, consider annotating your entities with one of these annotations: org.springframework.data.relational.core.mapping.Table.
2022-06-25 09:23:43.197  INFO 8324 --- [restartedMain] .RepositoryConfigurationExtensionSupport : Spring Data JDBC - Could not safely identify store assignment for repository candidate interface uz.davrbankautoelon.davrbank.repository.IMoralRepository. If you want this repository to be a JDBC repository, consider annotating your entities with one of these annotations: org.springframework.data.relational.core.mapping.Table.
2022-06-25 09:23:43.202  INFO 8324 --- [restartedMain] .RepositoryConfigurationExtensionSupport : Spring Data JDBC - Could not safely identify store assignment for repository candidate interface uz.davrbankautoelon.davrbank.repository.IPhysicalRepository. If you want this repository to be a JDBC repository, consider annotating your entities with one of these annotations: org.springframework.data.relational.core.mapping.Table.
2022-06-25 09:23:43.203  INFO 8324 --- [restartedMain] .RepositoryConfigurationExtensionSupport : Spring Data JDBC - Could not safely identify store assignment for repository candidate interface uz.davrbankautoelon.davrbank.repository.IRegistrationRequest. If you want this repository to be a JDBC repository, consider annotating your entities with one of these annotations: org.springframework.data.relational.core.mapping.Table.
2022-06-25 09:23:43.205  INFO 8324 --- [restartedMain] .RepositoryConfigurationExtensionSupport : Spring Data JDBC - Could not safely identify store assignment for repository candidate interface uz.davrbankautoelon.davrbank.repository.IRoleRepository. If you want this repository to be a JDBC repository, consider annotating your entities with one of these annotations: org.springframework.data.relational.core.mapping.Table.
2022-06-25 09:23:43.206  INFO 8324 --- [restartedMain] .RepositoryConfigurationExtensionSupport : Spring Data JDBC - Could not safely identify store assignment for repository candidate interface uz.davrbankautoelon.davrbank.repository.IUserRepository. If you want this repository to be a JDBC repository, consider annotating your entities with one of these annotations: org.springframework.data.relational.core.mapping.Table.
2022-06-25 09:23:43.208  INFO 8324 --- [restartedMain] .s.d.r.c.RepositoryConfigurationDelegate : Finished Spring Data repository scanning in 62 ms. Found 0 JDBC repository interfaces.
2022-06-25 09:23:43.214  INFO 8324 --- [restartedMain] .s.d.r.c.RepositoryConfigurationDelegate : Multiple Spring Data modules found, entering strict repository configuration mode!
2022-06-25 09:23:43.215  INFO 8324 --- [restartedMain] .s.d.r.c.RepositoryConfigurationDelegate : Bootstrapping Spring Data JPA repositories in DEFAULT mode.
2022-06-25 09:23:43.256  INFO 8324 --- [restartedMain] .s.d.r.c.RepositoryConfigurationDelegate : Finished Spring Data repository scanning in 36 ms. Found 6 JPA repository interfaces.
2022-06-25 09:23:43.777  INFO 8324 --- [restartedMain] o.s.b.w.embedded.tomcat.TomcatWebServer  : Tomcat initialized with port(s): 8383 (http)
2022-06-25 09:23:43.788  INFO 8324 --- [restartedMain] o.apache.catalina.core.StandardService   : Starting service [Tomcat]
2022-06-25 09:23:43.788  INFO 8324 --- [restartedMain] org.apache.catalina.core.StandardEngine  : Starting Servlet engine: [Apache Tomcat/9.0.62]
2022-06-25 09:23:43.870  INFO 8324 --- [restartedMain] o.a.c.c.C.[Tomcat].[localhost].[/]       : Initializing Spring embedded WebApplicationContext
2022-06-25 09:23:43.870  INFO 8324 --- [restartedMain] w.s.c.ServletWebServerApplicationContext : Root WebApplicationContext: initialization completed in 1408 ms
2022-06-25 09:23:44.016  INFO 8324 --- [restartedMain] o.hibernate.jpa.internal.util.LogHelper  : HHH000204: Processing PersistenceUnitInfo [name: default]
2022-06-25 09:23:44.071  INFO 8324 --- [restartedMain] org.hibernate.Version                    : HHH000412: Hibernate ORM core version 5.6.8.Final
2022-06-25 09:23:44.200  INFO 8324 --- [restartedMain] o.hibernate.annotations.common.Version   : HCANN000001: Hibernate Commons Annotations {5.1.2.Final}
2022-06-25 09:23:44.283  INFO 8324 --- [restartedMain] com.zaxxer.hikari.HikariDataSource       : HikariPool-1 - Starting...
2022-06-25 09:23:44.409  INFO 8324 --- [restartedMain] com.zaxxer.hikari.HikariDataSource       : HikariPool-1 - Start completed.
2022-06-25 09:23:44.423  INFO 8324 --- [restartedMain] org.hibernate.dialect.Dialect            : HHH000400: Using dialect: org.hibernate.dialect.PostgreSQL95Dialect
2022-06-25 09:23:45.072  INFO 8324 --- [restartedMain] o.h.e.t.j.p.i.JtaPlatformInitiator       : HHH000490: Using JtaPlatform implementation: [org.hibernate.engine.transaction.jta.platform.internal.NoJtaPlatform]
2022-06-25 09:23:45.078  INFO 8324 --- [restartedMain] j.LocalContainerEntityManagerFactoryBean : Initialized JPA EntityManagerFactory for persistence unit 'default'
2022-06-25 09:23:45.859  INFO 8324 --- [restartedMain] o.s.s.web.DefaultSecurityFilterChain     : Will secure any request with [org.springframework.security.web.context.request.async.WebAsyncManagerIntegrationFilter@78b5e473, org.springframework.security.web.context.SecurityContextPersistenceFilter@56e219c6, org.springframework.security.web.header.HeaderWriterFilter@4290897d, org.springframework.web.filter.CorsFilter@394c21bf, org.springframework.security.web.authentication.logout.LogoutFilter@11e8344d, uz.davrbankautoelon.davrbank.filter.CustomAuthorizationFilter@351c3b99, uz.davrbankautoelon.davrbank.filter.CustomAuthenticationFilter@12dd19df, org.springframework.security.web.savedrequest.RequestCacheAwareFilter@d2bb221, org.springframework.security.web.servletapi.SecurityContextHolderAwareRequestFilter@2b87ecb5, org.springframework.security.web.authentication.AnonymousAuthenticationFilter@451ce18b, org.springframework.security.web.session.SessionManagementFilter@7a3114d5, org.springframework.security.web.access.ExceptionTranslationFilter@5519e8af, org.springframework.security.web.access.intercept.FilterSecurityInterceptor@92157d1]
2022-06-25 09:23:46.073  INFO 8324 --- [restartedMain] o.s.b.d.a.OptionalLiveReloadServer       : LiveReload server is running on port 35729
2022-06-25 09:23:46.110  INFO 8324 --- [restartedMain] o.s.b.w.embedded.tomcat.TomcatWebServer  : Tomcat started on port(s): 8383 (http) with context path ''
2022-06-25 09:23:46.128  INFO 8324 --- [restartedMain] u.d.davrbank.DavrbankApplication         : Started DavrbankApplication in 4.236 seconds (JVM running for 5.156)
2022-06-25 09:25:41.734  INFO 8324 --- [SpringApplicationShutdownHook] j.LocalContainerEntityManagerFactoryBean : Closing JPA EntityManagerFactory for persistence unit 'default'
2022-06-25 09:25:41.737  INFO 8324 --- [SpringApplicationShutdownHook] com.zaxxer.hikari.HikariDataSource       : HikariPool-1 - Shutdown initiated...
2022-06-25 09:25:41.743  INFO 8324 --- [SpringApplicationShutdownHook] com.zaxxer.hikari.HikariDataSource       : HikariPool-1 - Shutdown completed.
